2025-12-18 22:06:25,872 - INFO - Pipeline initialized: books=books, output=output
2025-12-18 22:06:25,872 - INFO - Discovered 1 PDF files
2025-12-18 22:06:25,872 - INFO - Processing book: cambridge international as and a level chemistry coursebook complete
2025-12-18 22:06:25,872 - INFO - Step 1: Analyzing PDF structure...
2025-12-18 22:06:26,143 - ERROR - Traceback (most recent call last):
  File "C:\Users\kanza\OneDrive\Desktop\textbook_json\main.py", line 130, in process_all_books
    result = self.process_book(book_path, force_reprocess)
  File "C:\Users\kanza\OneDrive\Desktop\textbook_json\main.py", line 68, in process_book
    from pdf_analyzer import PDFAnalyzer
ModuleNotFoundError: No module named 'pdf_analyzer'

2025-12-18 22:06:26,148 - INFO - 
============================================================
2025-12-18 22:06:26,148 - INFO - Processing Complete!
2025-12-18 22:06:26,148 - INFO - Successfully processed: 0/1 books
2025-12-18 22:06:26,148 - INFO - Summary saved to: output\processing_summary.json
2025-12-18 22:06:26,166 - INFO - ============================================================

2025-12-18 23:26:40,760 - INFO - Pipeline initialized: books=books, output=output
2025-12-18 23:26:40,888 - INFO - Discovered 1 PDF files
2025-12-18 23:26:41,060 - INFO -   - cambridge international as and a level chemistry coursebook complete.pdf
2025-12-18 23:27:43,313 - INFO - Pipeline initialized: books=books, output=output
2025-12-18 23:27:43,314 - INFO - 
============================================================
2025-12-18 23:27:43,315 - INFO - Processing: cambridge international as and a level chemistry coursebook complete
2025-12-18 23:27:43,315 - INFO - ============================================================
2025-12-18 23:27:43,316 - INFO - 
Step 1: Analyzing PDF structure...
2025-12-18 23:27:44,384 - INFO - Opened PDF: cambridge international as and a level chemistry coursebook complete.pdf (606 pages)
2025-12-18 23:27:44,388 - INFO - Starting PDF analysis...
2025-12-18 23:27:44,388 - INFO - Detecting page offset...
2025-12-18 23:27:46,768 - INFO - Detected offset: 3 (confidence: 0.50)
2025-12-18 23:27:46,768 - INFO - Detecting column layout...
2025-12-18 23:27:47,129 - INFO - Detected 2 column(s) (confidence: 0.80)
2025-12-18 23:27:47,175 - INFO - Found embedded TOC with 387 entries
2025-12-18 23:27:47,548 - INFO - Analysis complete. Offset: 3, Columns: 2
2025-12-18 23:27:47,548 - INFO -   - Total pages: 606
2025-12-18 23:27:47,548 - INFO -   - Detected page offset: 3
2025-12-18 23:27:47,548 - INFO -   - Detected columns: 2
2025-12-18 23:27:47,567 - INFO - 
Step 2: Extracting structure via AI Studio...
2025-12-18 23:27:47,587 - INFO - Starting interactive extraction mode...
2025-12-18 23:28:08,019 - INFO - patching driver executable C:\Users\kanza\appdata\roaming\undetected_chromedriver\undetected_chromedriver.exe
2025-12-18 23:28:20,936 - INFO - Using undetected-chromedriver
2025-12-18 23:28:29,379 - INFO - Checking login status...
2025-12-18 23:28:29,396 - INFO - Google login page detected
2025-12-18 23:28:29,396 - INFO - ============================================================
2025-12-18 23:28:29,413 - INFO - MANUAL LOGIN REQUIRED
2025-12-18 23:28:29,413 - INFO - Please log in to your Google account in the browser window
2025-12-18 23:28:29,447 - INFO - The script will continue automatically after login
2025-12-18 23:28:29,507 - INFO - ============================================================
2025-12-18 23:28:29,583 - INFO - Login successful!
2025-12-18 23:51:15,373 - INFO - Successfully parsed JSON response
2025-12-18 23:51:15,373 - INFO - Successfully parsed manual JSON input
2025-12-18 23:51:15,391 - INFO - Using AI-detected page offset: 10
2025-12-18 23:51:15,450 - INFO -   - Structure saved: cambridge international as and a level chemistry coursebook complete_structure.json
2025-12-18 23:51:16,093 - INFO - 
Step 3: Extracting content with PyMuPDF...
2025-12-18 23:51:16,494 - INFO - ContentExtractor initialized: cambridge international as and a level chemistry coursebook complete.pdf (606 pages)
2025-12-18 23:51:16,495 - INFO - Extracting content with page offset: 10
2025-12-18 23:51:16,496 - INFO - Layout: 2 column(s)
2025-12-18 23:51:16,496 - INFO - Extracting Chapter 1: Moles and equations (PDF pages 10-32)
2025-12-18 23:51:17,224 - INFO - Extracting Chapter 2: Atomic structure (PDF pages 33-40)
2025-12-18 23:51:17,489 - INFO - Extracting Chapter 3: Electrons in atoms (PDF pages 41-56)
2025-12-18 23:51:17,976 - INFO - Extracting Chapter 4: Chemical bonding (PDF pages 57-80)
2025-12-18 23:51:19,116 - INFO - Extracting Chapter 5: States of matter (PDF pages 81-97)
2025-12-18 23:51:19,912 - INFO - Extracting Chapter 6: Enthalpy changes (PDF pages 98-114)
2025-12-18 23:51:20,411 - INFO - Extracting Chapter 7: Redox reactions (PDF pages 115-124)
2025-12-18 23:51:20,709 - INFO - Extracting Chapter 8: Equilibrium (PDF pages 125-148)
2025-12-18 23:51:21,622 - INFO - Extracting Chapter 9: Rates of reaction (PDF pages 149-156)
2025-12-18 23:51:21,880 - INFO - Extracting Chapter 10: Periodicity (PDF pages 157-171)
2025-12-18 23:51:22,589 - INFO - Extracting Chapter 11: Group 2 (PDF pages 172-179)
2025-12-18 23:51:22,749 - INFO - Extracting Chapter 12: Group 17 (PDF pages 180-188)
2025-12-18 23:51:23,036 - INFO - Extracting Chapter 13: Nitrogen and sulfur (PDF pages 189-196)
2025-12-18 23:51:23,224 - INFO - Extracting Chapter 14: Introduction to organic chemistry (PDF pages 197-209)
2025-12-18 23:51:23,686 - INFO - Extracting Chapter 15: Hydrocarbons (PDF pages 210-225)
2025-12-18 23:51:24,313 - INFO - Extracting Chapter 16: Halogenoalkanes (PDF pages 226-233)
2025-12-18 23:51:24,490 - INFO - Extracting Chapter 17: Alcohols, esters and carboxylic acids (PDF pages 234-242)
2025-12-18 23:51:24,705 - INFO - Extracting Chapter 18: Carbonyl compounds (PDF pages 243-254)
2025-12-18 23:51:25,052 - INFO - Extracting Chapter P1: Practical skills 1 (PDF pages 255-265)
2025-12-18 23:51:25,332 - INFO - Extracting Chapter 19: Lattice energy (PDF pages 266-281)
2025-12-18 23:51:25,803 - INFO - Extracting Chapter 20: Electrochemistry (PDF pages 282-311)
2025-12-18 23:51:26,663 - INFO - Extracting Chapter 21: Further aspects of equilibria (PDF pages 312-332)
2025-12-18 23:51:27,178 - INFO - Extracting Chapter 22: Reaction kinetics (PDF pages 333-357)
2025-12-18 23:51:28,022 - INFO - Extracting Chapter 23: Entropy and Gibbs free energy (PDF pages 358-374)
2025-12-18 23:51:28,661 - INFO - Extracting Chapter 24: Transition elements (PDF pages 375-389)
2025-12-18 23:51:29,020 - INFO - Extracting Chapter 25: Benzene and its compounds (PDF pages 390-401)
2025-12-18 23:51:29,337 - INFO - Extracting Chapter 26: Carboxylic acids and their derivatives (PDF pages 402-408)
2025-12-18 23:51:29,503 - INFO - Extracting Chapter 27: Organic nitrogen compounds (PDF pages 409-419)
2025-12-18 23:51:29,787 - INFO - Extracting Chapter 28: Polymerisation (PDF pages 420-441)
2025-12-18 23:51:30,412 - INFO - Extracting Chapter 29: Analytical chemistry (PDF pages 442-464)
2025-12-18 23:51:31,085 - INFO - Extracting Chapter 30: Organic synthesis (PDF pages 465-472)
2025-12-18 23:51:31,324 - INFO - Extracting Chapter P2: Practical skills 2 (PDF pages 473-481)
2025-12-18 23:51:31,560 - INFO - Extracting Chapter A: Answers to end-of-chapter questions (PDF pages 523-566)
2025-12-18 23:51:31,569 - INFO - Extraction complete: 33 chapters, 183 topics
2025-12-18 23:51:31,621 - INFO -   - Content saved: cambridge international as and a level chemistry coursebook complete_content.json
2025-12-18 23:51:31,621 - INFO -   - Chapters: 33
2025-12-18 23:51:31,621 - INFO -   - Topics: 183
2025-12-18 23:51:31,621 - INFO -   - Subtopics: 0
2025-12-18 23:51:31,719 - INFO - 
[SUCCESS] Book processed successfully: cambridge international as and a level chemistry coursebook complete
2025-12-18 23:51:31,743 - INFO - Processing completed successfully!
2025-12-18 23:51:31,804 - INFO - ensuring close
